---------------------------------------------------------------
[ 2017-08-07T20:35:42+08:00 ] 192.168.50.14 192.168.50.18 POST /dresser/dr_user_index
[ info ] www.qiaom.com/dresser/dr_user_index [运行时间：0.089556s][吞吐率：11.17req/s] [内存消耗：2,486.85kb] [文件加载：53]
[ info ] [ LANG ] F:\PHPstudy\WWW\qiaocat\thinkphp\lang\zh-cn.php
[ info ] [ ROUTE ] array (
  'type' => 'module',
  'module' => 
  array (
    0 => 'dresser',
    1 => 'User',
    2 => 'user_index',
  ),
  'convert' => false,
)
[ info ] [ HEADER ] array (
  'host' => 'www.qiaom.com',
  'connection' => 'keep-alive',
  'content-length' => '1306',
  'pragma' => 'no-cache',
  'cache-control' => 'no-cache',
  'accept' => 'application/json, text/plain, */*',
  'origin' => 'http://192.168.50.18:8888',
  'user-agent' => 'Mozilla/5.0 (iPhone; CPU iPhone OS 9_1 like Mac OS X) AppleWebKit/601.1.46 (KHTML, like Gecko) Version/9.0 Mobile/13B143 Safari/601.1',
  'content-type' => 'multipart/form-data; boundary=----WebKitFormBoundaryacwjBKtMVPdzWDdr',
  'referer' => 'http://192.168.50.18:8888/shop/shopset',
  'accept-encoding' => 'gzip, deflate',
  'accept-language' => 'zh-CN,zh;q=0.8,en;q=0.6',
  'cookie' => 'qm_cookie=MazbIc0dMejfUgwhMizjIk1l',
)
[ info ] [ PARAM ] array (
  'append' => 'function append() { [native code] }',
  'delete' => 'function delete() { [native code] }',
  'get' => 'function get() { [native code] }',
  'getAll' => 'function getAll() { [native code] }',
  'has' => 'function has() { [native code] }',
  'set' => 'function set() { [native code] }',
  'keys' => 'function keys() { [native code] }',
  'values' => 'function values() { [native code] }',
  'entries' => 'function entries() { [native code] }',
  'forEach' => 'function forEach() { [native code] }',
)
[ info ] [ RUN ] app\dresser\controller\User->user_index[ F:\PHPstudy\WWW\qiaocat\application\dresser\controller\User.php ]
[ info ] [ DB ] INIT mysql
[ info ] [ LOG ] INIT File
[ sql ] [ DB ] CONNECT:[ UseTime:0.002057s ] mysql:dbname=crm_test58;host=192.168.1.200;port=3306;charset=utf8
[ sql ] [ SQL ] SHOW COLUMNS FROM `m2_user` [ RunTime:0.004401s ]
[ sql ] [ SQL ] SELECT `is_dresser` FROM `m2_user` WHERE  `id` = 324250325 LIMIT 1 [ RunTime:0.001053s ]
---------------------------------------------------------------
[ 2017-08-07T20:35:44+08:00 ] 192.168.50.14 192.168.50.18 POST /dresser/dr_user_index
[ info ] www.qiaom.com/dresser/dr_user_index [运行时间：0.087932s][吞吐率：11.37req/s] [内存消耗：2,484.69kb] [文件加载：53]
[ info ] [ LANG ] F:\PHPstudy\WWW\qiaocat\thinkphp\lang\zh-cn.php
[ info ] [ ROUTE ] array (
  'type' => 'module',
  'module' => 
  array (
    0 => 'dresser',
    1 => 'User',
    2 => 'user_index',
  ),
  'convert' => false,
)
[ info ] [ HEADER ] array (
  'host' => 'www.qiaom.com',
  'connection' => 'keep-alive',
  'content-length' => '44',
  'pragma' => 'no-cache',
  'cache-control' => 'no-cache',
  'accept' => 'application/json, text/plain, */*',
  'origin' => 'http://192.168.50.18:8888',
  'user-agent' => 'Mozilla/5.0 (iPhone; CPU iPhone OS 9_1 like Mac OS X) AppleWebKit/601.1.46 (KHTML, like Gecko) Version/9.0 Mobile/13B143 Safari/601.1',
  'content-type' => 'multipart/form-data; boundary=----WebKitFormBoundary2edbzP92pa8KebHr',
  'referer' => 'http://192.168.50.18:8888/shop/shopset',
  'accept-encoding' => 'gzip, deflate',
  'accept-language' => 'zh-CN,zh;q=0.8,en;q=0.6',
  'cookie' => 'qm_cookie=MazbIc0dMejfUgwhMizjIk1l',
)
[ info ] [ PARAM ] array (
)
[ info ] [ RUN ] app\dresser\controller\User->user_index[ F:\PHPstudy\WWW\qiaocat\application\dresser\controller\User.php ]
[ info ] [ DB ] INIT mysql
[ info ] [ LOG ] INIT File
[ sql ] [ DB ] CONNECT:[ UseTime:0.011198s ] mysql:dbname=crm_test58;host=192.168.1.200;port=3306;charset=utf8
[ sql ] [ SQL ] SHOW COLUMNS FROM `m2_user` [ RunTime:0.003894s ]
[ sql ] [ SQL ] SELECT `is_dresser` FROM `m2_user` WHERE  `id` = 324250325 LIMIT 1 [ RunTime:0.000882s ]
