---------------------------------------------------------------
[ 2018-01-15T18:47:47+08:00 ] 127.0.0.1 127.0.0.1 GET /apidoc/vendor/bootstrap.min.css.map
[ info ] www.qiaom.com/apidoc/vendor/bootstrap.min.css.map [运行时间：0.174335s][吞吐率：5.74req/s] [内存消耗：1,452.12kb] [文件加载：41]
[ info ] [ LANG ] F:\PHPstudy\WWW\qiaocat\thinkphp\lang\zh-cn.php
[ info ] [ ROUTE ] array (
  'type' => 'module',
  'module' => 
  array (
    0 => 'apidoc',
    1 => 'vendor',
    2 => 'bootstrap.min.css.map',
  ),
)
[ info ] [ HEADER ] array (
  'host' => 'www.qiaom.com',
  'connection' => 'keep-alive',
  'cache-control' => 'no-cache',
  'user-agent' => 'Mozilla/5.0 (Windows NT 10.0; WOW64) AppleWebKit/537.36 (KHTML, like Gecko) Chrome/59.0.3071.115 Safari/537.36',
  'accept-encoding' => 'gzip, deflate',
  'accept-language' => 'zh-CN,zh;q=0.8',
)
[ info ] [ PARAM ] array (
)
[ info ] [ LOG ] INIT File
---------------------------------------------------------------
[ 2018-01-15T18:48:07+08:00 ] 127.0.0.1 127.0.0.1 GET /apidoc/vendor/bootstrap.min.css.map
[ info ] www.qiaom.com/apidoc/vendor/bootstrap.min.css.map [运行时间：0.053745s][吞吐率：18.61req/s] [内存消耗：1,452.13kb] [文件加载：41]
[ info ] [ LANG ] F:\PHPstudy\WWW\qiaocat\thinkphp\lang\zh-cn.php
[ info ] [ ROUTE ] array (
  'type' => 'module',
  'module' => 
  array (
    0 => 'apidoc',
    1 => 'vendor',
    2 => 'bootstrap.min.css.map',
  ),
)
[ info ] [ HEADER ] array (
  'host' => 'www.qiaom.com',
  'connection' => 'keep-alive',
  'cache-control' => 'no-cache',
  'user-agent' => 'Mozilla/5.0 (Windows NT 10.0; WOW64) AppleWebKit/537.36 (KHTML, like Gecko) Chrome/59.0.3071.115 Safari/537.36',
  'accept-encoding' => 'gzip, deflate',
  'accept-language' => 'zh-CN,zh;q=0.8',
)
[ info ] [ PARAM ] array (
)
[ info ] [ LOG ] INIT File
---------------------------------------------------------------
[ 2018-01-15T18:48:49+08:00 ] 127.0.0.1 127.0.0.1 GET /apidoc/vendor/bootstrap.min.css.map
[ info ] www.qiaom.com/apidoc/vendor/bootstrap.min.css.map [运行时间：0.042519s][吞吐率：23.52req/s] [内存消耗：1,452.13kb] [文件加载：41]
[ info ] [ LANG ] F:\PHPstudy\WWW\qiaocat\thinkphp\lang\zh-cn.php
[ info ] [ ROUTE ] array (
  'type' => 'module',
  'module' => 
  array (
    0 => 'apidoc',
    1 => 'vendor',
    2 => 'bootstrap.min.css.map',
  ),
)
[ info ] [ HEADER ] array (
  'host' => 'www.qiaom.com',
  'connection' => 'keep-alive',
  'cache-control' => 'no-cache',
  'user-agent' => 'Mozilla/5.0 (Windows NT 10.0; WOW64) AppleWebKit/537.36 (KHTML, like Gecko) Chrome/59.0.3071.115 Safari/537.36',
  'accept-encoding' => 'gzip, deflate',
  'accept-language' => 'zh-CN,zh;q=0.8',
)
[ info ] [ PARAM ] array (
)
[ info ] [ LOG ] INIT File
---------------------------------------------------------------
[ 2018-01-15T18:50:56+08:00 ] 127.0.0.1 127.0.0.1 GET /apidoc/vendor/bootstrap.min.css.map
[ info ] www.qiaom.com/apidoc/vendor/bootstrap.min.css.map [运行时间：0.091377s][吞吐率：10.94req/s] [内存消耗：1,452.13kb] [文件加载：41]
[ info ] [ LANG ] F:\PHPstudy\WWW\qiaocat\thinkphp\lang\zh-cn.php
[ info ] [ ROUTE ] array (
  'type' => 'module',
  'module' => 
  array (
    0 => 'apidoc',
    1 => 'vendor',
    2 => 'bootstrap.min.css.map',
  ),
)
[ info ] [ HEADER ] array (
  'host' => 'www.qiaom.com',
  'connection' => 'keep-alive',
  'cache-control' => 'no-cache',
  'user-agent' => 'Mozilla/5.0 (Windows NT 10.0; WOW64) AppleWebKit/537.36 (KHTML, like Gecko) Chrome/59.0.3071.115 Safari/537.36',
  'accept-encoding' => 'gzip, deflate',
  'accept-language' => 'zh-CN,zh;q=0.8',
)
[ info ] [ PARAM ] array (
)
[ info ] [ LOG ] INIT File
---------------------------------------------------------------
[ 2018-01-15T18:51:00+08:00 ] 127.0.0.1 127.0.0.1 GET /apidoc/vendor/bootstrap.min.css.map
[ info ] www.qiaom.com/apidoc/vendor/bootstrap.min.css.map [运行时间：0.055962s][吞吐率：17.87req/s] [内存消耗：1,452.13kb] [文件加载：41]
[ info ] [ LANG ] F:\PHPstudy\WWW\qiaocat\thinkphp\lang\zh-cn.php
[ info ] [ ROUTE ] array (
  'type' => 'module',
  'module' => 
  array (
    0 => 'apidoc',
    1 => 'vendor',
    2 => 'bootstrap.min.css.map',
  ),
)
[ info ] [ HEADER ] array (
  'host' => 'www.qiaom.com',
  'connection' => 'keep-alive',
  'cache-control' => 'no-cache',
  'user-agent' => 'Mozilla/5.0 (Windows NT 10.0; WOW64) AppleWebKit/537.36 (KHTML, like Gecko) Chrome/59.0.3071.115 Safari/537.36',
  'accept-encoding' => 'gzip, deflate',
  'accept-language' => 'zh-CN,zh;q=0.8',
)
[ info ] [ PARAM ] array (
)
[ info ] [ LOG ] INIT File
---------------------------------------------------------------
[ 2018-01-15T18:51:55+08:00 ] 127.0.0.1 127.0.0.1 GET /apidoc/vendor/bootstrap.min.css.map
[ info ] www.qiaom.com/apidoc/vendor/bootstrap.min.css.map [运行时间：0.048149s][吞吐率：20.77req/s] [内存消耗：1,452.13kb] [文件加载：41]
[ info ] [ LANG ] F:\PHPstudy\WWW\qiaocat\thinkphp\lang\zh-cn.php
[ info ] [ ROUTE ] array (
  'type' => 'module',
  'module' => 
  array (
    0 => 'apidoc',
    1 => 'vendor',
    2 => 'bootstrap.min.css.map',
  ),
)
[ info ] [ HEADER ] array (
  'host' => 'www.qiaom.com',
  'connection' => 'keep-alive',
  'cache-control' => 'no-cache',
  'user-agent' => 'Mozilla/5.0 (Windows NT 10.0; WOW64) AppleWebKit/537.36 (KHTML, like Gecko) Chrome/59.0.3071.115 Safari/537.36',
  'accept-encoding' => 'gzip, deflate',
  'accept-language' => 'zh-CN,zh;q=0.8',
)
[ info ] [ PARAM ] array (
)
[ info ] [ LOG ] INIT File
---------------------------------------------------------------
[ 2018-01-15T18:52:00+08:00 ] 127.0.0.1 127.0.0.1 GET /apidoc/vendor/bootstrap.min.css.map
[ info ] www.qiaom.com/apidoc/vendor/bootstrap.min.css.map [运行时间：0.048932s][吞吐率：20.44req/s] [内存消耗：1,452.14kb] [文件加载：41]
[ info ] [ LANG ] F:\PHPstudy\WWW\qiaocat\thinkphp\lang\zh-cn.php
[ info ] [ ROUTE ] array (
  'type' => 'module',
  'module' => 
  array (
    0 => 'apidoc',
    1 => 'vendor',
    2 => 'bootstrap.min.css.map',
  ),
)
[ info ] [ HEADER ] array (
  'host' => 'www.qiaom.com',
  'connection' => 'keep-alive',
  'cache-control' => 'no-cache',
  'user-agent' => 'Mozilla/5.0 (Windows NT 10.0; WOW64) AppleWebKit/537.36 (KHTML, like Gecko) Chrome/59.0.3071.115 Safari/537.36',
  'accept-encoding' => 'gzip, deflate',
  'accept-language' => 'zh-CN,zh;q=0.8',
)
[ info ] [ PARAM ] array (
)
[ info ] [ LOG ] INIT File
---------------------------------------------------------------
[ 2018-01-15T19:15:08+08:00 ] 127.0.0.1 127.0.0.1 GET /apidoc/vendor/bootstrap.min.css.map
[ info ] www.qiaom.com/apidoc/vendor/bootstrap.min.css.map [运行时间：0.059713s][吞吐率：16.75req/s] [内存消耗：1,452.13kb] [文件加载：41]
[ info ] [ LANG ] F:\PHPstudy\WWW\qiaocat\thinkphp\lang\zh-cn.php
[ info ] [ ROUTE ] array (
  'type' => 'module',
  'module' => 
  array (
    0 => 'apidoc',
    1 => 'vendor',
    2 => 'bootstrap.min.css.map',
  ),
)
[ info ] [ HEADER ] array (
  'host' => 'www.qiaom.com',
  'connection' => 'keep-alive',
  'cache-control' => 'no-cache',
  'user-agent' => 'Mozilla/5.0 (Windows NT 10.0; WOW64) AppleWebKit/537.36 (KHTML, like Gecko) Chrome/59.0.3071.115 Safari/537.36',
  'accept-encoding' => 'gzip, deflate',
  'accept-language' => 'zh-CN,zh;q=0.8',
)
[ info ] [ PARAM ] array (
)
[ info ] [ LOG ] INIT File
---------------------------------------------------------------
[ 2018-01-15T19:20:43+08:00 ] 127.0.0.1 127.0.0.1 GET /apidoc/vendor/bootstrap.min.css.map
[ info ] www.qiaom.com/apidoc/vendor/bootstrap.min.css.map [运行时间：0.051768s][吞吐率：19.32req/s] [内存消耗：1,452.13kb] [文件加载：41]
[ info ] [ LANG ] F:\PHPstudy\WWW\qiaocat\thinkphp\lang\zh-cn.php
[ info ] [ ROUTE ] array (
  'type' => 'module',
  'module' => 
  array (
    0 => 'apidoc',
    1 => 'vendor',
    2 => 'bootstrap.min.css.map',
  ),
)
[ info ] [ HEADER ] array (
  'host' => 'www.qiaom.com',
  'connection' => 'keep-alive',
  'cache-control' => 'no-cache',
  'user-agent' => 'Mozilla/5.0 (Windows NT 10.0; WOW64) AppleWebKit/537.36 (KHTML, like Gecko) Chrome/59.0.3071.115 Safari/537.36',
  'accept-encoding' => 'gzip, deflate',
  'accept-language' => 'zh-CN,zh;q=0.8',
)
[ info ] [ PARAM ] array (
)
[ info ] [ LOG ] INIT File
