---------------------------------------------------------------
[ 2017-07-26T15:40:59+08:00 ] 127.0.0.1 127.0.0.1 GET /index.php/dresser/Order/order_list
[ info ] www.qiaom.com/index.php/dresser/Order/order_list [运行时间：0.168451s][吞吐率：5.94req/s] [内存消耗：1,417.48kb] [文件加载：44]
[ info ] [ LANG ] F:\PHPstudy\WWW\qiaocat\thinkphp\lang\zh-cn.php
[ info ] [ LOG ] INIT File
---------------------------------------------------------------
[ 2017-07-26T15:41:17+08:00 ] 127.0.0.1 127.0.0.1 POST /dresser/dr_order_all
[ info ] www.qiaom.com/dresser/dr_order_all [运行时间：0.103946s][吞吐率：9.62req/s] [内存消耗：1,823.41kb] [文件加载：45]
[ info ] [ LANG ] F:\PHPstudy\WWW\qiaocat\thinkphp\lang\zh-cn.php
[ info ] [ ROUTE ] array (
  'type' => 'module',
  'module' => 
  array (
    0 => 'dresser',
    1 => 'Order',
    2 => 'order_all',
  ),
  'convert' => false,
)
[ info ] [ HEADER ] array (
  'host' => 'www.qiaom.com',
  'connection' => 'keep-alive',
  'content-length' => '0',
  'accept' => '*/*',
  'origin' => 'http://www.qiaom.com',
  'x-requested-with' => 'XMLHttpRequest',
  'user-agent' => 'Mozilla/5.0 (Windows NT 10.0; WOW64) AppleWebKit/537.36 (KHTML, like Gecko) Chrome/59.0.3071.115 Safari/537.36',
  'referer' => 'http://www.qiaom.com/apidoc/',
  'accept-encoding' => 'gzip, deflate',
  'accept-language' => 'zh-CN,zh;q=0.8',
)
[ info ] [ PARAM ] array (
)
[ info ] [ RUN ] app\dresser\controller\Order->order_all[ F:\PHPstudy\WWW\qiaocat\application\dresser\controller\Order.php ]
[ info ] [ DB ] INIT mysql
[ info ] [ LOG ] INIT File
[ sql ] [ DB ] CONNECT:[ UseTime:0.001560s ] mysql:dbname=crm_test;host=192.168.1.200;port=3306;charset=utf8
[ sql ] [ SQL ] select o.id,o.sn,o.buyer_id,o.seller_id,o.order_status,o.start_service_time,end_service_time,u.id as uid,u.nick,u.mobile,os.address,lp.name as lpname,lc.name as lcname,la.name as laname from m2_order as o left join m2_user as u ON o.buyer_id = u.id left join m2_order_shipping as os ON o.id = os.order_id left join m2_location_province as lp ON os.province = lp.province_id left join m2_location_city as lc ON os.city = lc.city_id left join m2_location_area as la ON os.district = la.area_id  where o.seller_id = '324248948' order by id desc [ RunTime:0.047407s ]
---------------------------------------------------------------
[ 2017-07-26T15:42:20+08:00 ] 127.0.0.1 127.0.0.1 POST /dresser/dr_order_all
[ info ] www.qiaom.com/dresser/dr_order_all [运行时间：0.101772s][吞吐率：9.83req/s] [内存消耗：1,917.52kb] [文件加载：48]
[ info ] [ LANG ] F:\PHPstudy\WWW\qiaocat\thinkphp\lang\zh-cn.php
[ info ] [ ROUTE ] array (
  'type' => 'module',
  'module' => 
  array (
    0 => 'dresser',
    1 => 'Order',
    2 => 'order_all',
  ),
  'convert' => false,
)
[ info ] [ HEADER ] array (
  'host' => 'www.qiaom.com',
  'connection' => 'keep-alive',
  'content-length' => '0',
  'accept' => '*/*',
  'origin' => 'http://www.qiaom.com',
  'x-requested-with' => 'XMLHttpRequest',
  'user-agent' => 'Mozilla/5.0 (Windows NT 10.0; WOW64) AppleWebKit/537.36 (KHTML, like Gecko) Chrome/59.0.3071.115 Safari/537.36',
  'referer' => 'http://www.qiaom.com/apidoc/',
  'accept-encoding' => 'gzip, deflate',
  'accept-language' => 'zh-CN,zh;q=0.8',
)
[ info ] [ PARAM ] array (
)
[ info ] [ RUN ] app\dresser\controller\Order->order_all[ F:\PHPstudy\WWW\qiaocat\application\dresser\controller\Order.php ]
[ info ] [ DB ] INIT mysql
[ info ] [ LOG ] INIT File
[ sql ] [ DB ] CONNECT:[ UseTime:0.001775s ] mysql:dbname=crm_test;host=192.168.1.200;port=3306;charset=utf8
[ sql ] [ SQL ] select o.id,o.sn,o.buyer_id,o.seller_id,o.order_status,o.start_service_time,end_service_time,u.id as uid,u.nick,u.mobile,os.address,lp.name as lpname,lc.name as lcname,la.name as laname from m2_order as o left join m2_user as u ON o.buyer_id = u.id left join m2_order_shipping as os ON o.id = os.order_id left join m2_location_province as lp ON os.province = lp.province_id left join m2_location_city as lc ON os.city = lc.city_id left join m2_location_area as la ON os.district = la.area_id  where o.seller_id = '324248948' order by id desc [ RunTime:0.047916s ]
[ sql ] [ SQL ] select op.product_name,product_number,op.market_price,product_price,p.thumb from m2_order_product as op left join m2_product as p ON op.product_id = p.id where op.order_id = 7526 [ RunTime:0.001169s ]
[ sql ] [ SQL ] select op.product_name,product_number,op.market_price,product_price,p.thumb from m2_order_product as op left join m2_product as p ON op.product_id = p.id where op.order_id = 7403 [ RunTime:0.001064s ]
[ sql ] [ SQL ] select op.product_name,product_number,op.market_price,product_price,p.thumb from m2_order_product as op left join m2_product as p ON op.product_id = p.id where op.order_id = 7315 [ RunTime:0.001107s ]
[ sql ] [ SQL ] select op.product_name,product_number,op.market_price,product_price,p.thumb from m2_order_product as op left join m2_product as p ON op.product_id = p.id where op.order_id = 7115 [ RunTime:0.001146s ]
[ sql ] [ SQL ] select op.product_name,product_number,op.market_price,product_price,p.thumb from m2_order_product as op left join m2_product as p ON op.product_id = p.id where op.order_id = 6823 [ RunTime:0.001109s ]
[ sql ] [ SQL ] select op.product_name,product_number,op.market_price,product_price,p.thumb from m2_order_product as op left join m2_product as p ON op.product_id = p.id where op.order_id = 6712 [ RunTime:0.000889s ]
[ sql ] [ SQL ] select op.product_name,product_number,op.market_price,product_price,p.thumb from m2_order_product as op left join m2_product as p ON op.product_id = p.id where op.order_id = 6543 [ RunTime:0.001091s ]
[ sql ] [ SQL ] select op.product_name,product_number,op.market_price,product_price,p.thumb from m2_order_product as op left join m2_product as p ON op.product_id = p.id where op.order_id = 5604 [ RunTime:0.000881s ]
[ sql ] [ SQL ] select op.product_name,product_number,op.market_price,product_price,p.thumb from m2_order_product as op left join m2_product as p ON op.product_id = p.id where op.order_id = 5602 [ RunTime:0.000882s ]
[ sql ] [ SQL ] select op.product_name,product_number,op.market_price,product_price,p.thumb from m2_order_product as op left join m2_product as p ON op.product_id = p.id where op.order_id = 5601 [ RunTime:0.000881s ]
[ sql ] [ SQL ] select op.product_name,product_number,op.market_price,product_price,p.thumb from m2_order_product as op left join m2_product as p ON op.product_id = p.id where op.order_id = 5033 [ RunTime:0.000860s ]
[ sql ] [ SQL ] select op.product_name,product_number,op.market_price,product_price,p.thumb from m2_order_product as op left join m2_product as p ON op.product_id = p.id where op.order_id = 4483 [ RunTime:0.000832s ]
[ sql ] [ SQL ] select op.product_name,product_number,op.market_price,product_price,p.thumb from m2_order_product as op left join m2_product as p ON op.product_id = p.id where op.order_id = 3934 [ RunTime:0.000863s ]
[ sql ] [ SQL ] select op.product_name,product_number,op.market_price,product_price,p.thumb from m2_order_product as op left join m2_product as p ON op.product_id = p.id where op.order_id = 3910 [ RunTime:0.000811s ]
[ sql ] [ SQL ] select op.product_name,product_number,op.market_price,product_price,p.thumb from m2_order_product as op left join m2_product as p ON op.product_id = p.id where op.order_id = 3223 [ RunTime:0.000833s ]
[ sql ] [ SQL ] select op.product_name,product_number,op.market_price,product_price,p.thumb from m2_order_product as op left join m2_product as p ON op.product_id = p.id where op.order_id = 2360 [ RunTime:0.000829s ]
[ sql ] [ SQL ] select op.product_name,product_number,op.market_price,product_price,p.thumb from m2_order_product as op left join m2_product as p ON op.product_id = p.id where op.order_id = 2049 [ RunTime:0.000871s ]
[ sql ] [ SQL ] select op.product_name,product_number,op.market_price,product_price,p.thumb from m2_order_product as op left join m2_product as p ON op.product_id = p.id where op.order_id = 2019 [ RunTime:0.000886s ]
[ sql ] [ SQL ] select op.product_name,product_number,op.market_price,product_price,p.thumb from m2_order_product as op left join m2_product as p ON op.product_id = p.id where op.order_id = 1719 [ RunTime:0.000859s ]
[ sql ] [ SQL ] select op.product_name,product_number,op.market_price,product_price,p.thumb from m2_order_product as op left join m2_product as p ON op.product_id = p.id where op.order_id = 6 [ RunTime:0.000820s ]
[ sql ] [ SQL ] select op.product_name,product_number,op.market_price,product_price,p.thumb from m2_order_product as op left join m2_product as p ON op.product_id = p.id where op.order_id = 5 [ RunTime:0.000883s ]
---------------------------------------------------------------
[ 2017-07-26T15:48:09+08:00 ] 127.0.0.1 127.0.0.1 POST /dresser/dr_order_all
[ info ] www.qiaom.com/dresser/dr_order_all [运行时间：0.094761s][吞吐率：10.55req/s] [内存消耗：1,901.33kb] [文件加载：48]
[ info ] [ LANG ] F:\PHPstudy\WWW\qiaocat\thinkphp\lang\zh-cn.php
[ info ] [ ROUTE ] array (
  'type' => 'module',
  'module' => 
  array (
    0 => 'dresser',
    1 => 'Order',
    2 => 'order_all',
  ),
  'convert' => false,
)
[ info ] [ HEADER ] array (
  'host' => 'www.qiaom.com',
  'connection' => 'keep-alive',
  'content-length' => '0',
  'accept' => '*/*',
  'origin' => 'http://www.qiaom.com',
  'x-requested-with' => 'XMLHttpRequest',
  'user-agent' => 'Mozilla/5.0 (Windows NT 10.0; WOW64) AppleWebKit/537.36 (KHTML, like Gecko) Chrome/59.0.3071.115 Safari/537.36',
  'referer' => 'http://www.qiaom.com/apidoc/',
  'accept-encoding' => 'gzip, deflate',
  'accept-language' => 'zh-CN,zh;q=0.8',
)
[ info ] [ PARAM ] array (
)
[ info ] [ RUN ] app\dresser\controller\Order->order_all[ F:\PHPstudy\WWW\qiaocat\application\dresser\controller\Order.php ]
[ info ] [ DB ] INIT mysql
[ info ] [ LOG ] INIT File
[ sql ] [ DB ] CONNECT:[ UseTime:0.001904s ] mysql:dbname=crm_test;host=192.168.1.200;port=3306;charset=utf8
[ sql ] [ SQL ] select o.id,o.sn,o.buyer_id,o.seller_id,o.order_status,o.start_service_time,end_service_time,u.id as uid,u.nick,u.mobile,os.address,lp.name as lpname,lc.name as lcname,la.name as laname from m2_order as o left join m2_user as u ON o.buyer_id = u.id left join m2_order_shipping as os ON o.id = os.order_id left join m2_location_province as lp ON os.province = lp.province_id left join m2_location_city as lc ON os.city = lc.city_id left join m2_location_area as la ON os.district = la.area_id  where o.seller_id = '324248948' order by id desc [ RunTime:0.047382s ]
[ sql ] [ SQL ] select op.product_name,product_number,op.market_price,product_price,p.thumb from m2_order_product as op left join m2_product as p ON op.product_id = p.id where op.order_id = 7526 [ RunTime:0.001103s ]
[ sql ] [ SQL ] select op.product_name,product_number,op.market_price,product_price,p.thumb from m2_order_product as op left join m2_product as p ON op.product_id = p.id where op.order_id = 7403 [ RunTime:0.001015s ]
[ sql ] [ SQL ] select op.product_name,product_number,op.market_price,product_price,p.thumb from m2_order_product as op left join m2_product as p ON op.product_id = p.id where op.order_id = 7315 [ RunTime:0.001034s ]
[ sql ] [ SQL ] select op.product_name,product_number,op.market_price,product_price,p.thumb from m2_order_product as op left join m2_product as p ON op.product_id = p.id where op.order_id = 7115 [ RunTime:0.001187s ]
[ sql ] [ SQL ] select op.product_name,product_number,op.market_price,product_price,p.thumb from m2_order_product as op left join m2_product as p ON op.product_id = p.id where op.order_id = 6823 [ RunTime:0.000947s ]
[ sql ] [ SQL ] select op.product_name,product_number,op.market_price,product_price,p.thumb from m2_order_product as op left join m2_product as p ON op.product_id = p.id where op.order_id = 6712 [ RunTime:0.000781s ]
[ sql ] [ SQL ] select op.product_name,product_number,op.market_price,product_price,p.thumb from m2_order_product as op left join m2_product as p ON op.product_id = p.id where op.order_id = 6543 [ RunTime:0.000812s ]
[ sql ] [ SQL ] select op.product_name,product_number,op.market_price,product_price,p.thumb from m2_order_product as op left join m2_product as p ON op.product_id = p.id where op.order_id = 5604 [ RunTime:0.000736s ]
[ sql ] [ SQL ] select op.product_name,product_number,op.market_price,product_price,p.thumb from m2_order_product as op left join m2_product as p ON op.product_id = p.id where op.order_id = 5602 [ RunTime:0.000678s ]
[ sql ] [ SQL ] select op.product_name,product_number,op.market_price,product_price,p.thumb from m2_order_product as op left join m2_product as p ON op.product_id = p.id where op.order_id = 5601 [ RunTime:0.000680s ]
[ sql ] [ SQL ] select op.product_name,product_number,op.market_price,product_price,p.thumb from m2_order_product as op left join m2_product as p ON op.product_id = p.id where op.order_id = 5033 [ RunTime:0.000687s ]
[ sql ] [ SQL ] select op.product_name,product_number,op.market_price,product_price,p.thumb from m2_order_product as op left join m2_product as p ON op.product_id = p.id where op.order_id = 4483 [ RunTime:0.000676s ]
[ sql ] [ SQL ] select op.product_name,product_number,op.market_price,product_price,p.thumb from m2_order_product as op left join m2_product as p ON op.product_id = p.id where op.order_id = 3934 [ RunTime:0.000863s ]
[ sql ] [ SQL ] select op.product_name,product_number,op.market_price,product_price,p.thumb from m2_order_product as op left join m2_product as p ON op.product_id = p.id where op.order_id = 3910 [ RunTime:0.000679s ]
[ sql ] [ SQL ] select op.product_name,product_number,op.market_price,product_price,p.thumb from m2_order_product as op left join m2_product as p ON op.product_id = p.id where op.order_id = 3223 [ RunTime:0.000678s ]
[ sql ] [ SQL ] select op.product_name,product_number,op.market_price,product_price,p.thumb from m2_order_product as op left join m2_product as p ON op.product_id = p.id where op.order_id = 2360 [ RunTime:0.000677s ]
[ sql ] [ SQL ] select op.product_name,product_number,op.market_price,product_price,p.thumb from m2_order_product as op left join m2_product as p ON op.product_id = p.id where op.order_id = 2049 [ RunTime:0.000695s ]
[ sql ] [ SQL ] select op.product_name,product_number,op.market_price,product_price,p.thumb from m2_order_product as op left join m2_product as p ON op.product_id = p.id where op.order_id = 2019 [ RunTime:0.000654s ]
[ sql ] [ SQL ] select op.product_name,product_number,op.market_price,product_price,p.thumb from m2_order_product as op left join m2_product as p ON op.product_id = p.id where op.order_id = 1719 [ RunTime:0.000677s ]
[ sql ] [ SQL ] select op.product_name,product_number,op.market_price,product_price,p.thumb from m2_order_product as op left join m2_product as p ON op.product_id = p.id where op.order_id = 6 [ RunTime:0.000734s ]
[ sql ] [ SQL ] select op.product_name,product_number,op.market_price,product_price,p.thumb from m2_order_product as op left join m2_product as p ON op.product_id = p.id where op.order_id = 5 [ RunTime:0.000678s ]
---------------------------------------------------------------
[ 2017-07-26T15:52:06+08:00 ] 127.0.0.1 127.0.0.1 POST /dresser/dr_order_all
[ info ] www.qiaom.com/dresser/dr_order_all [运行时间：0.094431s][吞吐率：10.59req/s] [内存消耗：1,855.27kb] [文件加载：45]
[ info ] [ LANG ] F:\PHPstudy\WWW\qiaocat\thinkphp\lang\zh-cn.php
[ info ] [ ROUTE ] array (
  'type' => 'module',
  'module' => 
  array (
    0 => 'dresser',
    1 => 'Order',
    2 => 'order_all',
  ),
  'convert' => false,
)
[ info ] [ HEADER ] array (
  'host' => 'www.qiaom.com',
  'connection' => 'keep-alive',
  'content-length' => '0',
  'accept' => '*/*',
  'origin' => 'http://www.qiaom.com',
  'x-requested-with' => 'XMLHttpRequest',
  'user-agent' => 'Mozilla/5.0 (Windows NT 10.0; WOW64) AppleWebKit/537.36 (KHTML, like Gecko) Chrome/59.0.3071.115 Safari/537.36',
  'referer' => 'http://www.qiaom.com/apidoc/',
  'accept-encoding' => 'gzip, deflate',
  'accept-language' => 'zh-CN,zh;q=0.8',
)
[ info ] [ PARAM ] array (
)
[ info ] [ RUN ] app\dresser\controller\Order->order_all[ F:\PHPstudy\WWW\qiaocat\application\dresser\controller\Order.php ]
[ info ] [ DB ] INIT mysql
[ info ] [ LOG ] INIT File
[ sql ] [ DB ] CONNECT:[ UseTime:0.001629s ] mysql:dbname=crm_test;host=192.168.1.200;port=3306;charset=utf8
[ sql ] [ SQL ] select o.id,o.sn,o.buyer_id,o.seller_id,o.order_status,o.start_service_time,end_service_time,u.id as uid,u.nick,u.mobile,os.address,lp.name as lpname,lc.name as lcname,la.name as laname from m2_order as o left join m2_user as u ON o.buyer_id = u.id left join m2_order_shipping as os ON o.id = os.order_id left join m2_location_province as lp ON os.province = lp.province_id left join m2_location_city as lc ON os.city = lc.city_id left join m2_location_area as la ON os.district = la.area_id  where o.seller_id = '324248948' order by id desc [ RunTime:0.047526s ]
[ sql ] [ SQL ] select op.product_name,product_number,op.market_price,product_price,p.thumb from m2_order_product as op left join m2_product as p ON op.product_id = p.id where op.order_id = 7526 [ RunTime:0.001056s ]
[ sql ] [ SQL ] select op.product_name,product_number,op.market_price,product_price,p.thumb from m2_order_product as op left join m2_product as p ON op.product_id = p.id where op.order_id = 7403 [ RunTime:0.001115s ]
[ sql ] [ SQL ] select op.product_name,product_number,op.market_price,product_price,p.thumb from m2_order_product as op left join m2_product as p ON op.product_id = p.id where op.order_id = 7315 [ RunTime:0.001125s ]
[ sql ] [ SQL ] select op.product_name,product_number,op.market_price,product_price,p.thumb from m2_order_product as op left join m2_product as p ON op.product_id = p.id where op.order_id = 7115 [ RunTime:0.001245s ]
[ sql ] [ SQL ] select op.product_name,product_number,op.market_price,product_price,p.thumb from m2_order_product as op left join m2_product as p ON op.product_id = p.id where op.order_id = 6823 [ RunTime:0.001010s ]
[ sql ] [ SQL ] select op.product_name,product_number,op.market_price,product_price,p.thumb from m2_order_product as op left join m2_product as p ON op.product_id = p.id where op.order_id = 6712 [ RunTime:0.001152s ]
[ sql ] [ SQL ] select op.product_name,product_number,op.market_price,product_price,p.thumb from m2_order_product as op left join m2_product as p ON op.product_id = p.id where op.order_id = 6543 [ RunTime:0.000810s ]
[ sql ] [ SQL ] select op.product_name,product_number,op.market_price,product_price,p.thumb from m2_order_product as op left join m2_product as p ON op.product_id = p.id where op.order_id = 5604 [ RunTime:0.000871s ]
[ sql ] [ SQL ] select op.product_name,product_number,op.market_price,product_price,p.thumb from m2_order_product as op left join m2_product as p ON op.product_id = p.id where op.order_id = 5602 [ RunTime:0.000939s ]
[ sql ] [ SQL ] select op.product_name,product_number,op.market_price,product_price,p.thumb from m2_order_product as op left join m2_product as p ON op.product_id = p.id where op.order_id = 5601 [ RunTime:0.000951s ]
[ sql ] [ SQL ] select op.product_name,product_number,op.market_price,product_price,p.thumb from m2_order_product as op left join m2_product as p ON op.product_id = p.id where op.order_id = 5033 [ RunTime:0.000983s ]
[ sql ] [ SQL ] select op.product_name,product_number,op.market_price,product_price,p.thumb from m2_order_product as op left join m2_product as p ON op.product_id = p.id where op.order_id = 4483 [ RunTime:0.000809s ]
[ sql ] [ SQL ] select op.product_name,product_number,op.market_price,product_price,p.thumb from m2_order_product as op left join m2_product as p ON op.product_id = p.id where op.order_id = 3934 [ RunTime:0.000953s ]
[ sql ] [ SQL ] select op.product_name,product_number,op.market_price,product_price,p.thumb from m2_order_product as op left join m2_product as p ON op.product_id = p.id where op.order_id = 3910 [ RunTime:0.000926s ]
[ sql ] [ SQL ] select op.product_name,product_number,op.market_price,product_price,p.thumb from m2_order_product as op left join m2_product as p ON op.product_id = p.id where op.order_id = 3223 [ RunTime:0.000913s ]
[ sql ] [ SQL ] select op.product_name,product_number,op.market_price,product_price,p.thumb from m2_order_product as op left join m2_product as p ON op.product_id = p.id where op.order_id = 2360 [ RunTime:0.000889s ]
[ sql ] [ SQL ] select op.product_name,product_number,op.market_price,product_price,p.thumb from m2_order_product as op left join m2_product as p ON op.product_id = p.id where op.order_id = 2049 [ RunTime:0.000913s ]
[ sql ] [ SQL ] select op.product_name,product_number,op.market_price,product_price,p.thumb from m2_order_product as op left join m2_product as p ON op.product_id = p.id where op.order_id = 2019 [ RunTime:0.001060s ]
[ sql ] [ SQL ] select op.product_name,product_number,op.market_price,product_price,p.thumb from m2_order_product as op left join m2_product as p ON op.product_id = p.id where op.order_id = 1719 [ RunTime:0.000738s ]
[ sql ] [ SQL ] select op.product_name,product_number,op.market_price,product_price,p.thumb from m2_order_product as op left join m2_product as p ON op.product_id = p.id where op.order_id = 6 [ RunTime:0.000709s ]
[ sql ] [ SQL ] select op.product_name,product_number,op.market_price,product_price,p.thumb from m2_order_product as op left join m2_product as p ON op.product_id = p.id where op.order_id = 5 [ RunTime:0.000592s ]
---------------------------------------------------------------
[ 2017-07-26T15:57:48+08:00 ] 127.0.0.1 127.0.0.1 POST /dresser/dr_order_status
[ info ] www.qiaom.com/dresser/dr_order_status [运行时间：0.043847s][吞吐率：22.81req/s] [内存消耗：1,723.37kb] [文件加载：47]
[ info ] [ LANG ] F:\PHPstudy\WWW\qiaocat\thinkphp\lang\zh-cn.php
[ info ] [ ROUTE ] array (
  'type' => 'module',
  'module' => 
  array (
    0 => 'dresser',
    1 => 'Order',
    2 => 'order_status',
  ),
  'convert' => false,
)
[ info ] [ HEADER ] array (
  'host' => 'www.qiaom.com',
  'connection' => 'keep-alive',
  'content-length' => '12',
  'accept' => '*/*',
  'origin' => 'http://www.qiaom.com',
  'x-requested-with' => 'XMLHttpRequest',
  'user-agent' => 'Mozilla/5.0 (Windows NT 10.0; WOW64) AppleWebKit/537.36 (KHTML, like Gecko) Chrome/59.0.3071.115 Safari/537.36',
  'content-type' => 'application/x-www-form-urlencoded; charset=UTF-8',
  'referer' => 'http://www.qiaom.com/apidoc/',
  'accept-encoding' => 'gzip, deflate',
  'accept-language' => 'zh-CN,zh;q=0.8',
)
[ info ] [ PARAM ] array (
  'order_type' => '2',
)
[ info ] [ RUN ] app\dresser\controller\Order->order_status[ F:\PHPstudy\WWW\qiaocat\application\dresser\controller\Order.php ]
[ info ] [ LOG ] INIT File
---------------------------------------------------------------
[ 2017-07-26T15:59:45+08:00 ] 127.0.0.1 127.0.0.1 POST /dresser/dr_order_status
[ info ] www.qiaom.com/dresser/dr_order_status [运行时间：0.030425s][吞吐率：32.87req/s] [内存消耗：1,872.71kb] [文件加载：48]
[ info ] [ LANG ] F:\PHPstudy\WWW\qiaocat\thinkphp\lang\zh-cn.php
[ info ] [ ROUTE ] array (
  'type' => 'module',
  'module' => 
  array (
    0 => 'dresser',
    1 => 'Order',
    2 => 'order_status',
  ),
  'convert' => false,
)
[ info ] [ HEADER ] array (
  'host' => 'www.qiaom.com',
  'connection' => 'keep-alive',
  'content-length' => '12',
  'accept' => '*/*',
  'origin' => 'http://www.qiaom.com',
  'x-requested-with' => 'XMLHttpRequest',
  'user-agent' => 'Mozilla/5.0 (Windows NT 10.0; WOW64) AppleWebKit/537.36 (KHTML, like Gecko) Chrome/59.0.3071.115 Safari/537.36',
  'content-type' => 'application/x-www-form-urlencoded; charset=UTF-8',
  'referer' => 'http://www.qiaom.com/apidoc/',
  'accept-encoding' => 'gzip, deflate',
  'accept-language' => 'zh-CN,zh;q=0.8',
)
[ info ] [ PARAM ] array (
  'order_type' => '2',
)
[ info ] [ RUN ] app\dresser\controller\Order->order_status[ F:\PHPstudy\WWW\qiaocat\application\dresser\controller\Order.php ]
[ info ] [ DB ] INIT mysql
[ info ] [ LOG ] INIT File
[ sql ] [ DB ] CONNECT:[ UseTime:0.002076s ] mysql:dbname=crm_test;host=192.168.1.200;port=3306;charset=utf8
[ sql ] [ SQL ] select o.id,o.sn,o.buyer_id,o.seller_id,o.order_status,o.start_service_time,end_service_time,u.id as uid,u.nick,u.mobile,os.address,lp.name as lpname,lc.name as lcname,la.name as laname from m2_order as o left join m2_user as u ON o.buyer_id = u.id left join m2_order_shipping as os ON o.id = os.order_id left join m2_location_province as lp ON os.province = lp.province_id left join m2_location_city as lc ON os.city = lc.city_id left join m2_location_area as la ON os.district = la.area_id where o.seller_id = '324248948' and o.order_status = 2 order by id desc [ RunTime:0.003895s ]
---------------------------------------------------------------
[ 2017-07-26T16:00:04+08:00 ] 127.0.0.1 127.0.0.1 POST /dresser/dr_order_status
[ info ] www.qiaom.com/dresser/dr_order_status [运行时间：0.057647s][吞吐率：17.35req/s] [内存消耗：1,877.51kb] [文件加载：48]
[ info ] [ LANG ] F:\PHPstudy\WWW\qiaocat\thinkphp\lang\zh-cn.php
[ info ] [ ROUTE ] array (
  'type' => 'module',
  'module' => 
  array (
    0 => 'dresser',
    1 => 'Order',
    2 => 'order_status',
  ),
  'convert' => false,
)
[ info ] [ HEADER ] array (
  'host' => 'www.qiaom.com',
  'connection' => 'keep-alive',
  'content-length' => '12',
  'accept' => '*/*',
  'origin' => 'http://www.qiaom.com',
  'x-requested-with' => 'XMLHttpRequest',
  'user-agent' => 'Mozilla/5.0 (Windows NT 10.0; WOW64) AppleWebKit/537.36 (KHTML, like Gecko) Chrome/59.0.3071.115 Safari/537.36',
  'content-type' => 'application/x-www-form-urlencoded; charset=UTF-8',
  'referer' => 'http://www.qiaom.com/apidoc/',
  'accept-encoding' => 'gzip, deflate',
  'accept-language' => 'zh-CN,zh;q=0.8',
)
[ info ] [ PARAM ] array (
  'order_type' => '3',
)
[ info ] [ RUN ] app\dresser\controller\Order->order_status[ F:\PHPstudy\WWW\qiaocat\application\dresser\controller\Order.php ]
[ info ] [ DB ] INIT mysql
[ info ] [ LOG ] INIT File
[ sql ] [ DB ] CONNECT:[ UseTime:0.012092s ] mysql:dbname=crm_test;host=192.168.1.200;port=3306;charset=utf8
[ sql ] [ SQL ] select o.id,o.sn,o.buyer_id,o.seller_id,o.order_status,o.start_service_time,end_service_time,u.id as uid,u.nick,u.mobile,os.address,lp.name as lpname,lc.name as lcname,la.name as laname from m2_order as o left join m2_user as u ON o.buyer_id = u.id left join m2_order_shipping as os ON o.id = os.order_id left join m2_location_province as lp ON os.province = lp.province_id left join m2_location_city as lc ON os.city = lc.city_id left join m2_location_area as la ON os.district = la.area_id where o.seller_id = '324248948' and o.order_status = 3 order by id desc [ RunTime:0.015830s ]
---------------------------------------------------------------
[ 2017-07-26T16:04:23+08:00 ] 127.0.0.1 127.0.0.1 POST /dresser/dr_order_status
[ info ] www.qiaom.com/dresser/dr_order_status [运行时间：0.107382s][吞吐率：9.31req/s] [内存消耗：1,900.71kb] [文件加载：48]
[ info ] [ LANG ] F:\PHPstudy\WWW\qiaocat\thinkphp\lang\zh-cn.php
[ info ] [ ROUTE ] array (
  'type' => 'module',
  'module' => 
  array (
    0 => 'dresser',
    1 => 'Order',
    2 => 'order_status',
  ),
  'convert' => false,
)
[ info ] [ HEADER ] array (
  'host' => 'www.qiaom.com',
  'connection' => 'keep-alive',
  'content-length' => '14',
  'accept' => '*/*',
  'origin' => 'http://www.qiaom.com',
  'x-requested-with' => 'XMLHttpRequest',
  'user-agent' => 'Mozilla/5.0 (Windows NT 10.0; WOW64) AppleWebKit/537.36 (KHTML, like Gecko) Chrome/59.0.3071.115 Safari/537.36',
  'content-type' => 'application/x-www-form-urlencoded; charset=UTF-8',
  'referer' => 'http://www.qiaom.com/apidoc/',
  'accept-encoding' => 'gzip, deflate',
  'accept-language' => 'zh-CN,zh;q=0.8',
)
[ info ] [ PARAM ] array (
  'order_type' => 'all',
)
[ info ] [ RUN ] app\dresser\controller\Order->order_status[ F:\PHPstudy\WWW\qiaocat\application\dresser\controller\Order.php ]
[ info ] [ DB ] INIT mysql
[ info ] [ LOG ] INIT File
[ sql ] [ DB ] CONNECT:[ UseTime:0.001462s ] mysql:dbname=crm_test;host=192.168.1.200;port=3306;charset=utf8
[ sql ] [ SQL ] select o.id,o.sn,o.buyer_id,o.seller_id,o.order_status,o.start_service_time,end_service_time,u.id as uid,u.nick,u.mobile,os.address,lp.name as lpname,lc.name as lcname,la.name as laname from m2_order as o left join m2_user as u ON o.buyer_id = u.id left join m2_order_shipping as os ON o.id = os.order_id left join m2_location_province as lp ON os.province = lp.province_id left join m2_location_city as lc ON os.city = lc.city_id left join m2_location_area as la ON os.district = la.area_id where o.seller_id = '324248948' order by id desc [ RunTime:0.048207s ]
[ sql ] [ SQL ] select op.product_name,product_number,op.market_price,product_price,p.thumb from m2_order_product as op left join m2_product as p ON op.product_id = p.id where op.order_id = 7526 [ RunTime:0.001083s ]
[ sql ] [ SQL ] select op.product_name,product_number,op.market_price,product_price,p.thumb from m2_order_product as op left join m2_product as p ON op.product_id = p.id where op.order_id = 7403 [ RunTime:0.000936s ]
[ sql ] [ SQL ] select op.product_name,product_number,op.market_price,product_price,p.thumb from m2_order_product as op left join m2_product as p ON op.product_id = p.id where op.order_id = 7315 [ RunTime:0.000920s ]
[ sql ] [ SQL ] select op.product_name,product_number,op.market_price,product_price,p.thumb from m2_order_product as op left join m2_product as p ON op.product_id = p.id where op.order_id = 7115 [ RunTime:0.001143s ]
[ sql ] [ SQL ] select op.product_name,product_number,op.market_price,product_price,p.thumb from m2_order_product as op left join m2_product as p ON op.product_id = p.id where op.order_id = 6823 [ RunTime:0.000816s ]
[ sql ] [ SQL ] select op.product_name,product_number,op.market_price,product_price,p.thumb from m2_order_product as op left join m2_product as p ON op.product_id = p.id where op.order_id = 6712 [ RunTime:0.000782s ]
[ sql ] [ SQL ] select op.product_name,product_number,op.market_price,product_price,p.thumb from m2_order_product as op left join m2_product as p ON op.product_id = p.id where op.order_id = 6543 [ RunTime:0.001080s ]
[ sql ] [ SQL ] select op.product_name,product_number,op.market_price,product_price,p.thumb from m2_order_product as op left join m2_product as p ON op.product_id = p.id where op.order_id = 5604 [ RunTime:0.000803s ]
[ sql ] [ SQL ] select op.product_name,product_number,op.market_price,product_price,p.thumb from m2_order_product as op left join m2_product as p ON op.product_id = p.id where op.order_id = 5602 [ RunTime:0.001458s ]
[ sql ] [ SQL ] select op.product_name,product_number,op.market_price,product_price,p.thumb from m2_order_product as op left join m2_product as p ON op.product_id = p.id where op.order_id = 5601 [ RunTime:0.000837s ]
[ sql ] [ SQL ] select op.product_name,product_number,op.market_price,product_price,p.thumb from m2_order_product as op left join m2_product as p ON op.product_id = p.id where op.order_id = 5033 [ RunTime:0.000816s ]
[ sql ] [ SQL ] select op.product_name,product_number,op.market_price,product_price,p.thumb from m2_order_product as op left join m2_product as p ON op.product_id = p.id where op.order_id = 4483 [ RunTime:0.001022s ]
[ sql ] [ SQL ] select op.product_name,product_number,op.market_price,product_price,p.thumb from m2_order_product as op left join m2_product as p ON op.product_id = p.id where op.order_id = 3934 [ RunTime:0.000814s ]
[ sql ] [ SQL ] select op.product_name,product_number,op.market_price,product_price,p.thumb from m2_order_product as op left join m2_product as p ON op.product_id = p.id where op.order_id = 3910 [ RunTime:0.001054s ]
[ sql ] [ SQL ] select op.product_name,product_number,op.market_price,product_price,p.thumb from m2_order_product as op left join m2_product as p ON op.product_id = p.id where op.order_id = 3223 [ RunTime:0.001080s ]
[ sql ] [ SQL ] select op.product_name,product_number,op.market_price,product_price,p.thumb from m2_order_product as op left join m2_product as p ON op.product_id = p.id where op.order_id = 2360 [ RunTime:0.000898s ]
[ sql ] [ SQL ] select op.product_name,product_number,op.market_price,product_price,p.thumb from m2_order_product as op left join m2_product as p ON op.product_id = p.id where op.order_id = 2049 [ RunTime:0.000960s ]
[ sql ] [ SQL ] select op.product_name,product_number,op.market_price,product_price,p.thumb from m2_order_product as op left join m2_product as p ON op.product_id = p.id where op.order_id = 2019 [ RunTime:0.001020s ]
[ sql ] [ SQL ] select op.product_name,product_number,op.market_price,product_price,p.thumb from m2_order_product as op left join m2_product as p ON op.product_id = p.id where op.order_id = 1719 [ RunTime:0.000791s ]
[ sql ] [ SQL ] select op.product_name,product_number,op.market_price,product_price,p.thumb from m2_order_product as op left join m2_product as p ON op.product_id = p.id where op.order_id = 6 [ RunTime:0.001182s ]
[ sql ] [ SQL ] select op.product_name,product_number,op.market_price,product_price,p.thumb from m2_order_product as op left join m2_product as p ON op.product_id = p.id where op.order_id = 5 [ RunTime:0.000997s ]
